2021-09-09 11:49:58.912 +06:00 [INF] Worker Starting up
2021-09-09 11:50:03.461 +06:00 [FTL] Worker start-up failed
Microsoft.EntityFrameworkCore.DbUpdateException: An error occurred while updating the entries. See the inner exception for details.
 ---> Microsoft.Data.SqlClient.SqlException (0x80131904): Violation of PRIMARY KEY constraint 'PK_Companies'. Cannot insert duplicate key in object 'dbo.Companies'. The duplicate key value is (1).
The statement has been terminated.
   at Microsoft.Data.SqlClient.SqlConnection.OnError(SqlException exception, Boolean breakConnection, Action`1 wrapCloseInAction)
   at Microsoft.Data.SqlClient.SqlInternalConnection.OnError(SqlException exception, Boolean breakConnection, Action`1 wrapCloseInAction)
   at Microsoft.Data.SqlClient.TdsParser.ThrowExceptionAndWarning(TdsParserStateObject stateObj, Boolean callerHasConnectionLock, Boolean asyncClose)
   at Microsoft.Data.SqlClient.TdsParser.TryRun(RunBehavior runBehavior, SqlCommand cmdHandler, SqlDataReader dataStream, BulkCopySimpleResultSet bulkCopyHandler, TdsParserStateObject stateObj, Boolean& dataReady)
   at Microsoft.Data.SqlClient.SqlDataReader.TryConsumeMetaData()
   at Microsoft.Data.SqlClient.SqlDataReader.get_MetaData()
   at Microsoft.Data.SqlClient.SqlCommand.FinishExecuteReader(SqlDataReader ds, RunBehavior runBehavior, String resetOptionsString, Boolean isInternal, Boolean forDescribeParameterEncryption, Boolean shouldCacheForAlwaysEncrypted)
   at Microsoft.Data.SqlClient.SqlCommand.RunExecuteReaderTds(CommandBehavior cmdBehavior, RunBehavior runBehavior, Boolean returnStream, Boolean isAsync, Int32 timeout, Task& task, Boolean asyncWrite, Boolean inRetry, SqlDataReader ds, Boolean describeParameterEncryptionRequest)
   at Microsoft.Data.SqlClient.SqlCommand.RunExecuteReader(CommandBehavior cmdBehavior, RunBehavior runBehavior, Boolean returnStream, TaskCompletionSource`1 completion, Int32 timeout, Task& task, Boolean& usedCache, Boolean asyncWrite, Boolean inRetry, String method)
   at Microsoft.Data.SqlClient.SqlCommand.RunExecuteReader(CommandBehavior cmdBehavior, RunBehavior runBehavior, Boolean returnStream, String method)
   at Microsoft.Data.SqlClient.SqlCommand.ExecuteReader(CommandBehavior behavior)
   at Microsoft.Data.SqlClient.SqlCommand.ExecuteDbDataReader(CommandBehavior behavior)
   at System.Data.Common.DbCommand.ExecuteReader()
   at Microsoft.EntityFrameworkCore.Storage.RelationalCommand.ExecuteReader(RelationalCommandParameterObject parameterObject)
   at Microsoft.EntityFrameworkCore.Update.ReaderModificationCommandBatch.Execute(IRelationalConnection connection)
ClientConnectionId:656d330c-187e-4685-ab99-6c9e9176c69f
Error Number:2627,State:1,Class:14
   --- End of inner exception stack trace ---
   at Microsoft.EntityFrameworkCore.Update.ReaderModificationCommandBatch.Execute(IRelationalConnection connection)
   at Microsoft.EntityFrameworkCore.Update.Internal.BatchExecutor.Execute(IEnumerable`1 commandBatches, IRelationalConnection connection)
   at Microsoft.EntityFrameworkCore.Storage.RelationalDatabase.SaveChanges(IList`1 entries)
   at Microsoft.EntityFrameworkCore.ChangeTracking.Internal.StateManager.SaveChanges(IList`1 entriesToSave)
   at Microsoft.EntityFrameworkCore.ChangeTracking.Internal.StateManager.SaveChanges(DbContext _, Boolean acceptAllChangesOnSuccess)
   at Microsoft.EntityFrameworkCore.SqlServer.Storage.Internal.SqlServerExecutionStrategy.Execute[TState,TResult](TState state, Func`3 operation, Func`3 verifySucceeded)
   at Microsoft.EntityFrameworkCore.ChangeTracking.Internal.StateManager.SaveChanges(Boolean acceptAllChangesOnSuccess)
   at Microsoft.EntityFrameworkCore.DbContext.SaveChanges(Boolean acceptAllChangesOnSuccess)
   at Microsoft.EntityFrameworkCore.DbContext.SaveChanges()
   at StockData.Data.UnitOfWork.Save() in D:\Code\GitHub\aspnetb5\StockData\StockData.Data\UnitOfWork.cs:line 12
   at StockData.Scraping.Services.CompanyService.CreateCompany(Company company) in D:\Code\GitHub\aspnetb5\StockData\StockData.Scraping\Services\CompanyService.cs:line 28
   at StockData.Worker.Models.TableModel.Save() in D:\Code\GitHub\aspnetb5\StockData\StockData.Worker\Models\TableModel.cs:line 58
   at StockData.Worker.Worker.ExecuteAsync(CancellationToken stoppingToken) in D:\Code\GitHub\aspnetb5\StockData\StockData.Worker\Worker.cs:line 29
   at Microsoft.Extensions.Hosting.Internal.Host.StartAsync(CancellationToken cancellationToken)
   at Microsoft.Extensions.Hosting.HostingAbstractionsHostExtensions.RunAsync(IHost host, CancellationToken token)
   at Microsoft.Extensions.Hosting.HostingAbstractionsHostExtensions.RunAsync(IHost host, CancellationToken token)
   at Microsoft.Extensions.Hosting.HostingAbstractionsHostExtensions.Run(IHost host)
   at StockData.Worker.Program.Main(String[] args) in D:\Code\GitHub\aspnetb5\StockData\StockData.Worker\Program.cs:line 44
2021-09-09 11:50:36.962 +06:00 [INF] Worker Starting up
2021-09-09 11:58:30.294 +06:00 [INF] Worker Starting up
2021-09-09 11:59:35.847 +06:00 [INF] Worker running at: "2021-09-09T11:59:35.8402736+06:00"
2021-09-09 11:59:42.056 +06:00 [INF] Worker running at: "2021-09-09T11:59:42.0560512+06:00"
2021-09-09 11:59:49.945 +06:00 [INF] Worker running at: "2021-09-09T11:59:49.9458705+06:00"
2021-09-09 11:59:59.836 +06:00 [INF] Worker running at: "2021-09-09T11:59:59.8361035+06:00"
2021-09-09 12:00:11.782 +06:00 [INF] Worker running at: "2021-09-09T12:00:11.7825645+06:00"
2021-09-09 12:09:35.539 +06:00 [INF] Worker Starting up
2021-09-09 12:10:31.976 +06:00 [FTL] Worker start-up failed
System.NullReferenceException: Object reference not set to an instance of an object.
   at StockData.Worker.Models.TableModel.Save() in D:\Code\GitHub\aspnetb5\StockData\StockData.Worker\Models\TableModel.cs:line 60
   at StockData.Worker.Worker.ExecuteAsync(CancellationToken stoppingToken) in D:\Code\GitHub\aspnetb5\StockData\StockData.Worker\Worker.cs:line 29
   at Microsoft.Extensions.Hosting.Internal.Host.StartAsync(CancellationToken cancellationToken)
   at Microsoft.Extensions.Hosting.HostingAbstractionsHostExtensions.RunAsync(IHost host, CancellationToken token)
   at Microsoft.Extensions.Hosting.HostingAbstractionsHostExtensions.RunAsync(IHost host, CancellationToken token)
   at Microsoft.Extensions.Hosting.HostingAbstractionsHostExtensions.Run(IHost host)
   at StockData.Worker.Program.Main(String[] args) in D:\Code\GitHub\aspnetb5\StockData\StockData.Worker\Program.cs:line 44
2021-09-09 12:12:08.925 +06:00 [INF] Worker Starting up
2021-09-09 12:12:23.456 +06:00 [INF] Worker Starting up
2021-09-09 12:12:40.923 +06:00 [FTL] Worker start-up failed
System.NullReferenceException: Object reference not set to an instance of an object.
   at StockData.Worker.Models.TableModel.Save() in D:\Code\GitHub\aspnetb5\StockData\StockData.Worker\Models\TableModel.cs:line 60
   at StockData.Worker.Worker.ExecuteAsync(CancellationToken stoppingToken) in D:\Code\GitHub\aspnetb5\StockData\StockData.Worker\Worker.cs:line 29
   at Microsoft.Extensions.Hosting.Internal.Host.StartAsync(CancellationToken cancellationToken)
   at Microsoft.Extensions.Hosting.HostingAbstractionsHostExtensions.RunAsync(IHost host, CancellationToken token)
   at Microsoft.Extensions.Hosting.HostingAbstractionsHostExtensions.RunAsync(IHost host, CancellationToken token)
   at Microsoft.Extensions.Hosting.HostingAbstractionsHostExtensions.Run(IHost host)
   at StockData.Worker.Program.Main(String[] args) in D:\Code\GitHub\aspnetb5\StockData\StockData.Worker\Program.cs:line 44
2021-09-09 12:12:45.667 +06:00 [INF] Worker Starting up
2021-09-09 12:15:30.447 +06:00 [INF] Worker Starting up
2021-09-09 12:15:53.464 +06:00 [INF] Worker Starting up
2021-09-09 12:17:00.846 +06:00 [INF] Worker Starting up
2021-09-09 12:17:24.433 +06:00 [FTL] Worker start-up failed
System.NullReferenceException: Object reference not set to an instance of an object.
   at StockData.Worker.Models.TableModel.Save() in D:\Code\GitHub\aspnetb5\StockData\StockData.Worker\Models\TableModel.cs:line 60
   at StockData.Worker.Worker.ExecuteAsync(CancellationToken stoppingToken) in D:\Code\GitHub\aspnetb5\StockData\StockData.Worker\Worker.cs:line 29
   at Microsoft.Extensions.Hosting.Internal.Host.StartAsync(CancellationToken cancellationToken)
   at Microsoft.Extensions.Hosting.HostingAbstractionsHostExtensions.RunAsync(IHost host, CancellationToken token)
   at Microsoft.Extensions.Hosting.HostingAbstractionsHostExtensions.RunAsync(IHost host, CancellationToken token)
   at Microsoft.Extensions.Hosting.HostingAbstractionsHostExtensions.Run(IHost host)
   at StockData.Worker.Program.Main(String[] args) in D:\Code\GitHub\aspnetb5\StockData\StockData.Worker\Program.cs:line 44
2021-09-09 12:20:32.367 +06:00 [INF] Worker Starting up
2021-09-09 12:20:58.367 +06:00 [FTL] Worker start-up failed
Microsoft.EntityFrameworkCore.DbUpdateException: An error occurred while updating the entries. See the inner exception for details.
 ---> Microsoft.Data.SqlClient.SqlException (0x80131904): The INSERT statement conflicted with the FOREIGN KEY constraint "FK_StockPrices_Companies_CompanyId". The conflict occurred in database "StockDataBD", table "dbo.Companies", column 'Id'.
The statement has been terminated.
   at Microsoft.Data.SqlClient.SqlConnection.OnError(SqlException exception, Boolean breakConnection, Action`1 wrapCloseInAction)
   at Microsoft.Data.SqlClient.SqlInternalConnection.OnError(SqlException exception, Boolean breakConnection, Action`1 wrapCloseInAction)
   at Microsoft.Data.SqlClient.TdsParser.ThrowExceptionAndWarning(TdsParserStateObject stateObj, Boolean callerHasConnectionLock, Boolean asyncClose)
   at Microsoft.Data.SqlClient.TdsParser.TryRun(RunBehavior runBehavior, SqlCommand cmdHandler, SqlDataReader dataStream, BulkCopySimpleResultSet bulkCopyHandler, TdsParserStateObject stateObj, Boolean& dataReady)
   at Microsoft.Data.SqlClient.SqlDataReader.TryConsumeMetaData()
   at Microsoft.Data.SqlClient.SqlDataReader.get_MetaData()
   at Microsoft.Data.SqlClient.SqlCommand.FinishExecuteReader(SqlDataReader ds, RunBehavior runBehavior, String resetOptionsString, Boolean isInternal, Boolean forDescribeParameterEncryption, Boolean shouldCacheForAlwaysEncrypted)
   at Microsoft.Data.SqlClient.SqlCommand.RunExecuteReaderTds(CommandBehavior cmdBehavior, RunBehavior runBehavior, Boolean returnStream, Boolean isAsync, Int32 timeout, Task& task, Boolean asyncWrite, Boolean inRetry, SqlDataReader ds, Boolean describeParameterEncryptionRequest)
   at Microsoft.Data.SqlClient.SqlCommand.RunExecuteReader(CommandBehavior cmdBehavior, RunBehavior runBehavior, Boolean returnStream, TaskCompletionSource`1 completion, Int32 timeout, Task& task, Boolean& usedCache, Boolean asyncWrite, Boolean inRetry, String method)
   at Microsoft.Data.SqlClient.SqlCommand.RunExecuteReader(CommandBehavior cmdBehavior, RunBehavior runBehavior, Boolean returnStream, String method)
   at Microsoft.Data.SqlClient.SqlCommand.ExecuteReader(CommandBehavior behavior)
   at Microsoft.Data.SqlClient.SqlCommand.ExecuteDbDataReader(CommandBehavior behavior)
   at System.Data.Common.DbCommand.ExecuteReader()
   at Microsoft.EntityFrameworkCore.Storage.RelationalCommand.ExecuteReader(RelationalCommandParameterObject parameterObject)
   at Microsoft.EntityFrameworkCore.Update.ReaderModificationCommandBatch.Execute(IRelationalConnection connection)
ClientConnectionId:bdd4384f-9f04-4282-b588-7f4b4d6a9e85
Error Number:547,State:0,Class:16
   --- End of inner exception stack trace ---
   at Microsoft.EntityFrameworkCore.Update.ReaderModificationCommandBatch.Execute(IRelationalConnection connection)
   at Microsoft.EntityFrameworkCore.Update.Internal.BatchExecutor.Execute(IEnumerable`1 commandBatches, IRelationalConnection connection)
   at Microsoft.EntityFrameworkCore.Storage.RelationalDatabase.SaveChanges(IList`1 entries)
   at Microsoft.EntityFrameworkCore.ChangeTracking.Internal.StateManager.SaveChanges(IList`1 entriesToSave)
   at Microsoft.EntityFrameworkCore.ChangeTracking.Internal.StateManager.SaveChanges(DbContext _, Boolean acceptAllChangesOnSuccess)
   at Microsoft.EntityFrameworkCore.SqlServer.Storage.Internal.SqlServerExecutionStrategy.Execute[TState,TResult](TState state, Func`3 operation, Func`3 verifySucceeded)
   at Microsoft.EntityFrameworkCore.ChangeTracking.Internal.StateManager.SaveChanges(Boolean acceptAllChangesOnSuccess)
   at Microsoft.EntityFrameworkCore.DbContext.SaveChanges(Boolean acceptAllChangesOnSuccess)
   at Microsoft.EntityFrameworkCore.DbContext.SaveChanges()
   at StockData.Data.UnitOfWork.Save() in D:\Code\GitHub\aspnetb5\StockData\StockData.Data\UnitOfWork.cs:line 12
   at StockData.Scraping.Services.StockPriceService.CreateStockPrice(StockPrice stockPrice) in D:\Code\GitHub\aspnetb5\StockData\StockData.Scraping\Services\StockPriceService.cs:line 28
   at StockData.Worker.Models.TableModel.Save() in D:\Code\GitHub\aspnetb5\StockData\StockData.Worker\Models\TableModel.cs:line 62
   at StockData.Worker.Worker.ExecuteAsync(CancellationToken stoppingToken) in D:\Code\GitHub\aspnetb5\StockData\StockData.Worker\Worker.cs:line 29
   at Microsoft.Extensions.Hosting.Internal.Host.StartAsync(CancellationToken cancellationToken)
   at Microsoft.Extensions.Hosting.HostingAbstractionsHostExtensions.RunAsync(IHost host, CancellationToken token)
   at Microsoft.Extensions.Hosting.HostingAbstractionsHostExtensions.RunAsync(IHost host, CancellationToken token)
   at Microsoft.Extensions.Hosting.HostingAbstractionsHostExtensions.Run(IHost host)
   at StockData.Worker.Program.Main(String[] args) in D:\Code\GitHub\aspnetb5\StockData\StockData.Worker\Program.cs:line 44
2021-09-09 12:24:32.332 +06:00 [INF] Worker Starting up
2021-09-09 12:25:19.312 +06:00 [INF] Worker running at: "2021-09-09T12:25:19.3081838+06:00"
2021-09-09 12:25:22.935 +06:00 [INF] Worker running at: "2021-09-09T12:25:22.9354107+06:00"
2021-09-09 12:25:28.222 +06:00 [INF] Worker running at: "2021-09-09T12:25:28.2221767+06:00"
2021-09-09 12:25:35.951 +06:00 [INF] Worker running at: "2021-09-09T12:25:35.9510673+06:00"
2021-09-09 12:25:45.297 +06:00 [INF] Worker running at: "2021-09-09T12:25:45.2972103+06:00"
2021-09-09 12:25:57.029 +06:00 [INF] Worker running at: "2021-09-09T12:25:57.0298807+06:00"
2021-09-09 12:26:40.706 +06:00 [INF] Worker Starting up
2021-09-09 12:31:03.973 +06:00 [INF] Worker Starting up
2021-09-09 12:35:13.027 +06:00 [INF] Worker Starting up
2021-09-09 12:35:41.483 +06:00 [INF] Worker running at: "2021-09-09T12:35:41.4802849+06:00"
2021-09-09 12:35:44.725 +06:00 [INF] Worker running at: "2021-09-09T12:35:44.7257678+06:00"
2021-09-09 12:35:49.161 +06:00 [INF] Worker running at: "2021-09-09T12:35:49.1617865+06:00"
2021-09-09 12:36:07.532 +06:00 [INF] Worker Starting up
2021-09-09 12:36:50.035 +06:00 [INF] Worker running at: "2021-09-09T12:36:50.0323823+06:00"
2021-09-09 12:36:54.580 +06:00 [INF] Worker running at: "2021-09-09T12:36:54.5801174+06:00"
2021-09-09 12:37:00.789 +06:00 [INF] Worker running at: "2021-09-09T12:37:00.7894348+06:00"
2021-09-09 12:37:08.867 +06:00 [INF] Worker running at: "2021-09-09T12:37:08.8672350+06:00"
